[2025-02-04T06:41:41.217330+00:00] app.ERROR: Internal server error: Call to a member function render() on null [] []
[2025-02-04T06:52:41.576106+00:00] app.ERROR: Internal server error: Too few arguments to function App\Controller\ProfilControl::__construct(), 0 passed in C:\wamp64\www\Hffintranet\vendor\symfony\http-kernel\Controller\ControllerResolver.php on line 147 and exactly 1 expected [] []
[2025-02-20T06:12:59.366974+00:00] app.WARNING: Resource not found: No routes found for "/login-form". [] []
[2025-02-20T06:14:05.579649+00:00] app.WARNING: Resource not found: No routes found for "/login-form". [] []
[2025-02-20T06:14:19.338693+00:00] app.ERROR: Internal server error: Too few arguments to function App\Controller\SecurityController::__construct(), 0 passed in C:\wamp64\www\Hffintranet\vendor\symfony\http-kernel\Controller\ControllerResolver.php on line 147 and exactly 3 expected [] []
[2025-02-20T06:14:42.412560+00:00] app.ERROR: Internal server error: Too few arguments to function App\Controller\SecurityController::__construct(), 0 passed in C:\wamp64\www\Hffintranet\vendor\symfony\http-kernel\Controller\ControllerResolver.php on line 147 and exactly 3 expected [] []
[2025-02-20T07:15:36.770117+00:00] app.WARNING: Resource not found: No routes found for "/login". [] []
[2025-02-20T10:52:00.830844+00:00] app.INFO: Connexion réussie pour l'utilisateur : lanto [] []
[2025-02-20T11:04:11.864996+00:00] app.WARNING: Échec de connexion {"username":"admin","ip":"172.20.11.32"} []
[2025-02-20T11:07:33.421904+00:00] app.INFO: Authentification réussie pour l'utilisateur : lanto@fraise.hff.mg [] []
[2025-02-20T11:07:33.446350+00:00] app.INFO: Connexion réussie pour l'utilisateur : lanto [] []
[2025-02-20T11:07:57.721821+00:00] app.WARNING: Échec d'authentification pour l'utilisateur : admin@fraise.hff.mg [] []
[2025-02-20T11:07:57.723105+00:00] app.WARNING: Échec de connexion {"username":"admin","ip":"172.20.11.32"} []
[2025-02-20T14:10:47.489202+03:00] app.WARNING: Échec d'authentification pour l'utilisateur : lanto@fraise.hff.mg [] []
[2025-02-20T14:10:47.490863+03:00] app.WARNING: Échec de connexion {"username":"lanto","ip":"172.20.11.32"} []
[2025-02-21T16:44:12.888251+03:00] app.INFO: Authentification réussie pour l'utilisateur : lanto@fraise.hff.mg [] []
[2025-02-21T16:44:13.475954+03:00] app.INFO: Connexion réussie pour l'utilisateur : lanto [] []
[2025-02-21T16:49:48.121602+03:00] app.WARNING: Tentative de connexion avec des champs vides. {"ip":"172.20.11.32"} []
[2025-02-21T16:50:11.557908+03:00] app.INFO: Authentification réussie pour l'utilisateur : lanto@fraise.hff.mg [] []
[2025-02-21T16:50:52.664627+03:00] app.WARNING: Tentative de connexion avec des champs vides. {"ip":"172.20.11.32"} []
[2025-02-21T16:51:14.174081+03:00] app.INFO: Authentification réussie pour l'utilisateur : lanto@fraise.hff.mg [] []
[2025-02-21T16:52:03.583117+03:00] app.INFO: Authentification réussie pour l'utilisateur : lanto@fraise.hff.mg [] []
[2025-02-21T16:53:10.954416+03:00] app.WARNING: Tentative de connexion avec des champs vides. {"ip":"172.20.11.32"} []
[2025-02-21T16:53:38.427910+03:00] app.INFO: Authentification réussie pour l'utilisateur : lanto@fraise.hff.mg [] []
[2025-02-21T16:53:39.460824+03:00] app.INFO: Connexion réussie pour l'utilisateur : lanto [] []
[2025-02-26T10:11:14.749201+03:00] app.INFO: Authentification réussie pour l'utilisateur : lanto@fraise.hff.mg [] []
[2025-02-26T10:11:15.509771+03:00] app.INFO: Connexion réussie pour l'utilisateur : lanto [] []
[2025-03-04T13:28:06.256404+03:00] app.INFO: Authentification réussie pour l'utilisateur : lanto@fraise.hff.mg [] []
[2025-03-04T13:28:07.053889+03:00] app.INFO: Connexion réussie pour l'utilisateur : lanto [] []
[2025-03-04T13:59:27.461325+03:00] app.WARNING: Resource not found: No routes found for "/Hffintranet/login". [] []
[2025-03-04T14:04:21.989328+03:00] app.WARNING: Resource not found: No routes found for "/Hffintranet/login". [] []
[2025-03-04T14:06:28.060755+03:00] app.WARNING: Resource not found: No routes found for "/Hffintranet/login". [] []
[2025-03-04T14:17:51.919794+03:00] app.INFO: Authentification réussie pour l'utilisateur : lanto@fraise.hff.mg [] []
[2025-03-04T14:17:52.673750+03:00] app.INFO: Connexion réussie pour l'utilisateur : lanto [] []
[2025-03-04T14:22:16.352701+03:00] app.INFO: Authentification réussie pour l'utilisateur : lanto@fraise.hff.mg [] []
[2025-03-04T14:22:17.102172+03:00] app.INFO: Connexion réussie pour l'utilisateur : lanto [] []
[2025-03-04T14:23:51.260737+03:00] app.INFO: Authentification réussie pour l'utilisateur : lanto@fraise.hff.mg [] []
[2025-03-04T14:23:52.049012+03:00] app.INFO: Connexion réussie pour l'utilisateur : lanto [] []
[2025-07-23T09:00:14.010134+03:00] app.WARNING: Tentative de connexion avec des champs vides. {"ip":"172.20.11.32"} []
[2025-07-23T09:02:48.614653+03:00] app.WARNING: Tentative de connexion avec des champs vides. {"ip":"172.20.11.32"} []
[2025-07-28T13:47:35.236811+03:00] app.INFO: Authentification réussie pour l'utilisateur : lanto@fraise.hff.mg [] []
[2025-07-28T13:47:36.020379+03:00] app.INFO: Connexion réussie pour l'utilisateur : lanto [] []
